2024-10-15 10:57:05,062 - INFO - 开始执行签到任务...
2024-10-15 10:57:05,062 - INFO - 开始获取签到信息...
2024-10-15 10:57:05,126 - INFO - 成功获取签到信息：{}
2024-10-15 10:57:05,126 - ERROR - 未能获取到有效的签到信息，无法进行签到。
2024-10-15 11:13:28,577 - INFO - 开始执行签到任务...
2024-10-15 11:13:28,577 - INFO - 开始获取签到信息...
2024-10-15 11:13:28,744 - INFO - 成功获取签到信息：该时间段暂无需要考勤的课程！
2024-10-15 11:13:28,745 - INFO - 准备进行签到...
2024-10-15 11:13:28,745 - INFO - 开始进行签到，发送数据：{'kq_obj': '该时间段暂无需要考勤的课程！'}
2024-10-15 11:13:28,789 - INFO - 签到成功，返回数据：{'msg': '操作成功', 'code': 200, 'data': '签到请求已提交！', 'info': 'success'}
2024-10-15 11:19:25,241 - INFO - 开始执行签到任务...
2024-10-15 11:19:25,241 - INFO - 开始获取签到信息...
2024-10-15 11:19:26,343 - INFO - 成功获取签到信息：{'msg': '操作成功', 'code': 200, 'data': '该时间段暂无需要考勤的课程！', 'info': 'error'}
2024-10-15 11:35:28,094 - INFO - 开始执行签到任务...
2024-10-15 11:35:28,095 - INFO - 开始获取签到信息...
2024-10-15 11:35:28,247 - INFO - 成功获取签到信息：{'msg': '操作成功', 'code': 200, 'data': '该时间段暂无需要考勤的课程！', 'info': 'error'}
2024-10-15 11:37:09,981 - INFO - 开始执行签到任务...
2024-10-15 11:37:09,982 - INFO - 开始获取签到信息...
2024-10-15 11:37:10,118 - INFO - 成功获取签到信息：{'msg': '操作成功', 'code': 200, 'data': '该时间段暂无需要考勤的课程！', 'info': 'error'}
2024-10-15 11:37:10,119 - ERROR - 未能获取到有效的签到信息，无法进行签到。
